-------------------------------------------------------------------------------
Test set: TestSuite
-------------------------------------------------------------------------------
Tests run: 4, Failures: 1, Errors: 0, Skipped: 0, Time elapsed: 114.368 sec <<< FAILURE! - in TestSuite
testComparisonProduct(ru.solyankinas.task.three.test.ComparisonProductTest)  Time elapsed: 22.66 sec  <<< FAILURE!
java.lang.AssertionError: expected [true] but found [false]
	at ru.solyankinas.task.three.test.ComparisonProductTest.testComparisonProduct(ComparisonProductTest.java:15)

