<?xml version="1.0" encoding="UTF-8"?>
<testsuite xmlns:xsi="http://www.w3.org/2001/XMLSchema-instance" xsi:schemaLocation="https://maven.apache.org/surefire/maven-surefire-plugin/xsd/surefire-test-report.xsd" name="TestSuite" time="114.368" tests="4" errors="0" skipped="0" failures="1">
  <properties>
[...]
</properties>
  <testcase name="testComparisonProduct" classname="ru.solyankinas.task.three.test.ComparisonProductTest" time="22.66">
    <failure message="expected [true] but found [false]" type="java.lang.AssertionError">java.lang.AssertionError: expected [true] but found [false]
	at ru.solyankinas.task.three.test.ComparisonProductTest.testComparisonProduct(ComparisonProductTest.java:15)
</failure>
    <system-err><![CDATA[SLF4J: Failed to load class "org.slf4j.impl.StaticLoggerBinder".
SLF4J: Defaulting to no-operation (NOP) logger implementation
SLF4J: See http://www.slf4j.org/codes.html#StaticLoggerBinder for further details.
Starting ChromeDriver 2.40.565498 (ea082db3280dd6843ebfb08a625e3eb905c4f5ab) on port 14672
Only local connections are allowed.
]]></system-err>
  </testcase>
  <testcase name="marketCheckItemDisplayPage" classname="ru.solyankinas.task.three.test.MarketCheckItemDisplayPageTest" time="16.977"/>
  <testcase name="marketSortByPriceTest" classname="ru.solyankinas.task.three.test.MarketSortByPriceTest" time="14.734"/>
  <testcase name="testNavigationYandex" classname="ru.solyankinas.task.three.test.NavigationYandexTest" time="29.952"/>
</testsuite>